<?xml version="1.0" encoding="UTF-8"?>
<testng-results ignored="0" total="0" passed="0" failed="0" skipped="0">
  <reporter-output>
  </reporter-output>
  <suite started-at="2024-02-29T18:17:48 IST" name="Suite" finished-at="2024-02-29T18:17:48 IST" duration-ms="13">
    <groups>
    </groups>
    <test started-at="2024-02-29T18:17:48 IST" name="SanityTestAutomation_Login" finished-at="2024-02-29T18:17:48 IST" duration-ms="13">
    </test> <!-- SanityTestAutomation_Login -->
  </suite> <!-- Suite -->
</testng-results>
